<?xml version="1.0" encoding="UTF-8"?>
<!-- Generated by org.testng.reporters.JUnitReportReporter -->
<testsuite hostname="BhargavB" failures="0" tests="1" name="tests.TestsExamples" time="1.179" errors="0" timestamp="2023-07-12T10:43:42 EDT" skipped="0">
  <testcase classname="tests.TestsExamples" name="test_2" time="1.179"/>
</testsuite> <!-- tests.TestsExamples -->
