<?xml version="1.0" encoding="UTF-8"?>
<!-- Generated by org.testng.reporters.JUnitReportReporter -->
<testsuite hostname="BhargavB" failures="0" tests="1" name="tests.TestsOnLocalAPI" time="2.724" errors="0" timestamp="2023-07-13T12:01:19 EDT" skipped="0">
  <testcase classname="tests.TestsOnLocalAPI" name="delete" time="2.724"/>
</testsuite> <!-- tests.TestsOnLocalAPI -->
