<?xml version="1.0" encoding="UTF-8"?>
<!-- Generated by org.testng.reporters.JUnitReportReporter -->
<testsuite hostname="BhargavB" failures="0" tests="1" name="tests.SoapXMLRequest" time="1.138" errors="0" timestamp="2023-07-13T15:39:32 EDT" skipped="0">
  <testcase classname="tests.SoapXMLRequest" name="validateSoapXML" time="1.138"/>
</testsuite> <!-- tests.SoapXMLRequest -->
