<?xml version="1.0" encoding="UTF-8"?>
<!-- Generated by org.testng.reporters.JUnitReportReporter -->
<testsuite hostname="BhargavB" failures="0" tests="1" name="tests.GetAndPostExamples" time="1.086" errors="0" timestamp="2023-07-12T19:12:30 EDT" skipped="0">
  <testcase classname="tests.GetAndPostExamples" name="testPost" time="1.086"/>
</testsuite> <!-- tests.GetAndPostExamples -->
