<?xml version="1.0" encoding="UTF-8"?>
<!-- Generated by org.testng.reporters.JUnitReportReporter -->
<testsuite hostname="BhargavB" failures="0" tests="1" name="tests.JSONScehmaValidator" time="1.044" errors="0" timestamp="2023-07-13T13:52:10 EDT" skipped="0">
  <testcase classname="tests.JSONScehmaValidator" name="testGet" time="1.044"/>
</testsuite> <!-- tests.JSONScehmaValidator -->
